35.0 APEX_CODE,DEBUG;APEX_PROFILING,INFO;CALLOUT,INFO;DB,INFO;NBA,INFO;SYSTEM,DEBUG;VALIDATION,INFO;VISUALFORCE,DEBUG;WAVE,INFO;WORKFLOW,INFO
17:09:58.0 (355694)|USER_INFO|[EXTERNAL]|00536000004x6Rh|lawrence.humblet@remoteyear.com.staging|Eastern Standard Time|GMT-05:00
17:09:58.0 (420906)|EXECUTION_STARTED
17:09:58.0 (429350)|CODE_UNIT_STARTED|[EXTERNAL]|06636000006nRPq|VF: /apex/Mgr_ActivityDash
17:09:58.0 (8586695)|SYSTEM_MODE_ENTER|true
17:09:58.0 (31100207)|SYSTEM_MODE_ENTER|true
17:09:58.0 (32813653)|SOQL_EXECUTE_BEGIN|[56]|Aggregations:0|SELECT u.Id, u.Name FROM User u WHERE (IsActive = TRUE AND ProfileId = '00e36000001bNzGAAU') ORDER BY Name ASC NULLS FIRST
17:09:58.0 (38666305)|SOQL_EXECUTE_END|[56]|Rows:40
17:09:58.0 (40914732)|SYSTEM_MODE_ENTER|true
17:09:58.0 (42102864)|SYSTEM_MODE_ENTER|true
17:09:58.0 (42457580)|SYSTEM_MODE_ENTER|true
17:09:58.0 (42911363)|SYSTEM_MODE_ENTER|true
17:09:58.0 (43255873)|SOQL_EXECUTE_BEGIN|[72]|Aggregations:0|SELECT Id, FirstName, LastName, Name, FullPhotoUrl FROM User WHERE Id = :tmpVar1
17:09:58.0 (46575074)|SOQL_EXECUTE_END|[72]|Rows:1
17:09:58.0 (47587613)|SYSTEM_MODE_ENTER|true
17:09:58.0 (48158671)|SYSTEM_MODE_ENTER|true
17:09:58.0 (52264606)|SOQL_EXECUTE_BEGIN|[79]|Aggregations:0|SELECT COUNT() FROM Lead WHERE OwnerId = '00536000004x6RhAAI' AND Consultation_scheduled__c = TRUE AND Consultation_Date_Time__c >= 2018-11-23T00:00:00ZAND Consultation_Date_Time__c <= 2018-11-23T00:00:00Z
17:09:58.0 (58135678)|SOQL_EXECUTE_END|[79]|Rows:0
17:09:58.0 (58804152)|SYSTEM_MODE_ENTER|true
17:09:58.0 (59176545)|SOQL_EXECUTE_BEGIN|[95]|Aggregations:0|SELECT COUNT() FROM Lead WHERE Consultation_scheduled__c = TRUE AND Consultation_Date_Time__c >= 2018-11-23T00:00:00Z AND Consultation_Date_Time__c <= 2018-11-23T00:00:00Z
17:09:58.0 (74710708)|SOQL_EXECUTE_END|[95]|Rows:0
17:09:58.0 (75436424)|SYSTEM_MODE_ENTER|true
17:09:58.0 (75855904)|SOQL_EXECUTE_BEGIN|[79]|Aggregations:0|SELECT COUNT() FROM Lead WHERE OwnerId = '00536000004x6RhAAI' AND Consultation_scheduled__c = TRUE AND Consultation_Date_Time__c >= 2018-11-23T00:00:00ZAND Consultation_Date_Time__c <= 2018-11-23T00:00:00Z
17:09:58.0 (80758739)|SOQL_EXECUTE_END|[79]|Rows:0
17:09:58.0 (81119782)|SOQL_EXECUTE_BEGIN|[144]|Aggregations:0|SELECT COUNT() FROM Lead WHERE OwnerId = '00536000004x6RhAAI' AND Consultation_Completed__c = TRUE AND Consultation_completed_date__c >= 2018-11-23 AND Consultation_completed_date__c <= 2018-11-23
17:09:58.0 (85874422)|SOQL_EXECUTE_END|[144]|Rows:0
17:09:58.0 (86682127)|SYSTEM_MODE_ENTER|true
17:09:58.0 (86996221)|SOQL_EXECUTE_BEGIN|[95]|Aggregations:0|SELECT COUNT() FROM Lead WHERE Consultation_scheduled__c = TRUE AND Consultation_Date_Time__c >= 2018-11-23T00:00:00Z AND Consultation_Date_Time__c <= 2018-11-23T00:00:00Z
17:09:58.0 (102670478)|SOQL_EXECUTE_END|[95]|Rows:0
17:09:58.0 (103026752)|SOQL_EXECUTE_BEGIN|[161]|Aggregations:0|SELECT COUNT() FROM Lead WHERE Consultation_Completed__c = TRUE AND Consultation_completed_date__c >= 2018-11-23 AND Consultation_completed_date__c <= 2018-11-23
17:09:58.0 (106848736)|SOQL_EXECUTE_END|[161]|Rows:0
17:09:58.0 (107660770)|SYSTEM_MODE_ENTER|true
17:09:58.0 (107998757)|SOQL_EXECUTE_BEGIN|[144]|Aggregations:0|SELECT COUNT() FROM Lead WHERE OwnerId = '00536000004x6RhAAI' AND Consultation_Completed__c = TRUE AND Consultation_completed_date__c >= 2018-11-23 AND Consultation_completed_date__c <= 2018-11-23
17:09:58.0 (116283468)|SOQL_EXECUTE_END|[144]|Rows:0
17:09:58.0 (116867105)|SYSTEM_MODE_ENTER|true
17:09:58.0 (117168931)|SOQL_EXECUTE_BEGIN|[161]|Aggregations:0|SELECT COUNT() FROM Lead WHERE Consultation_Completed__c = TRUE AND Consultation_completed_date__c >= 2018-11-23 AND Consultation_completed_date__c <= 2018-11-23
17:09:58.0 (120854869)|SOQL_EXECUTE_END|[161]|Rows:0
17:09:58.0 (121403876)|SYSTEM_MODE_ENTER|true
17:09:58.0 (121775303)|SOQL_EXECUTE_BEGIN|[144]|Aggregations:0|SELECT COUNT() FROM Lead WHERE OwnerId = '00536000004x6RhAAI' AND Consultation_Completed__c = TRUE AND Consultation_completed_date__c >= 2018-11-23 AND Consultation_completed_date__c <= 2018-11-23
17:09:58.0 (126207336)|SOQL_EXECUTE_END|[144]|Rows:0
17:09:58.0 (129164088)|SOQL_EXECUTE_BEGIN|[178]|Aggregations:0|SELECT COUNT() FROM Opportunity WHERE OwnerId = '00536000004x6RhAAI' AND CreatedDate >= 2018-11-23T00:00:00Z AND CreatedDate <= 2018-11-23T00:00:00Z
17:09:58.0 (133110891)|SOQL_EXECUTE_END|[178]|Rows:0
17:09:58.0 (133704445)|SYSTEM_MODE_ENTER|true
17:09:58.0 (134009532)|SOQL_EXECUTE_BEGIN|[161]|Aggregations:0|SELECT COUNT() FROM Lead WHERE Consultation_Completed__c = TRUE AND Consultation_completed_date__c >= 2018-11-23 AND Consultation_completed_date__c <= 2018-11-23
17:09:58.0 (137675131)|SOQL_EXECUTE_END|[161]|Rows:0
17:09:58.0 (137929070)|SOQL_EXECUTE_BEGIN|[194]|Aggregations:0|SELECT COUNT() FROM Opportunity WHERE CreatedDate >= 2018-11-23T00:00:00Z AND CreatedDate <= 2018-11-23T00:00:00Z 
17:09:58.0 (140479867)|SOQL_EXECUTE_END|[194]|Rows:0
17:09:58.0 (141104146)|SYSTEM_MODE_ENTER|true
17:09:58.0 (141402201)|SOQL_EXECUTE_BEGIN|[178]|Aggregations:0|SELECT COUNT() FROM Opportunity WHERE OwnerId = '00536000004x6RhAAI' AND CreatedDate >= 2018-11-23T00:00:00Z AND CreatedDate <= 2018-11-23T00:00:00Z
17:09:58.0 (145509221)|SOQL_EXECUTE_END|[178]|Rows:0
17:09:58.0 (146130568)|SYSTEM_MODE_ENTER|true
17:09:58.0 (146508218)|SOQL_EXECUTE_BEGIN|[194]|Aggregations:0|SELECT COUNT() FROM Opportunity WHERE CreatedDate >= 2018-11-23T00:00:00Z AND CreatedDate <= 2018-11-23T00:00:00Z 
17:09:58.0 (150350880)|SOQL_EXECUTE_END|[194]|Rows:0
17:09:58.0 (151094331)|SYSTEM_MODE_ENTER|true
17:09:58.0 (151630876)|SOQL_EXECUTE_BEGIN|[178]|Aggregations:0|SELECT COUNT() FROM Opportunity WHERE OwnerId = '00536000004x6RhAAI' AND CreatedDate >= 2018-11-23T00:00:00Z AND CreatedDate <= 2018-11-23T00:00:00Z
17:09:58.0 (156766108)|SOQL_EXECUTE_END|[178]|Rows:0
17:09:58.0 (157408607)|SOQL_EXECUTE_BEGIN|[242]|Aggregations:0|SELECT COUNT() FROM Opportunity WHERE OwnerId = '00536000004x6RhAAI' AND isWon = true AND CloseDate >= 2018-11-23AND CloseDate <= 2018-11-23
17:09:58.0 (162752702)|SOQL_EXECUTE_END|[242]|Rows:0
17:09:58.0 (163538888)|SYSTEM_MODE_ENTER|true
17:09:58.0 (163823913)|SOQL_EXECUTE_BEGIN|[194]|Aggregations:0|SELECT COUNT() FROM Opportunity WHERE CreatedDate >= 2018-11-23T00:00:00Z AND CreatedDate <= 2018-11-23T00:00:00Z 
17:09:58.0 (169015667)|SOQL_EXECUTE_END|[194]|Rows:0
17:09:58.0 (169305266)|SOQL_EXECUTE_BEGIN|[258]|Aggregations:0|SELECT COUNT() FROM Opportunity WHERE isWon = true AND CloseDate >= 2018-11-23AND CloseDate <= 2018-11-23
17:09:58.0 (172487237)|SOQL_EXECUTE_END|[258]|Rows:0
17:09:58.0 (173369255)|SYSTEM_MODE_ENTER|true
17:09:58.0 (173945107)|SOQL_EXECUTE_BEGIN|[242]|Aggregations:0|SELECT COUNT() FROM Opportunity WHERE OwnerId = '00536000004x6RhAAI' AND isWon = true AND CloseDate >= 2018-11-23AND CloseDate <= 2018-11-23
17:09:58.0 (178158218)|SOQL_EXECUTE_END|[242]|Rows:0
17:09:58.0 (178724651)|SYSTEM_MODE_ENTER|true
17:09:58.0 (179013414)|SOQL_EXECUTE_BEGIN|[258]|Aggregations:0|SELECT COUNT() FROM Opportunity WHERE isWon = true AND CloseDate >= 2018-11-23AND CloseDate <= 2018-11-23
17:09:58.0 (182112504)|SOQL_EXECUTE_END|[258]|Rows:0
17:09:58.0 (184771396)|VF_SERIALIZE_VIEWSTATE_BEGIN|06636000006nRPq
17:09:58.0 (187057667)|VF_SERIALIZE_VIEWSTATE_END
17:09:58.189 (189659307)|CUMULATIVE_LIMIT_USAGE
17:09:58.189 (189659307)|LIMIT_USAGE_FOR_NS|(default)|
  Number of SOQL queries: 22 out of 100
  Number of query rows: 61 out of 50000
  Number of SOSL queries: 0 out of 20
  Number of DML statements: 0 out of 150
  Number of DML rows: 0 out of 10000
  Maximum CPU time: 0 out of 10000
  Maximum heap size: 0 out of 6000000
  Number of callouts: 0 out of 100
  Number of Email Invocations: 0 out of 10
  Number of future calls: 0 out of 50
  Number of queueable jobs added to the queue: 0 out of 50
  Number of Mobile Apex push calls: 0 out of 10

17:09:58.189 (189659307)|CUMULATIVE_LIMIT_USAGE_END

17:09:58.0 (189724463)|CODE_UNIT_FINISHED|VF: /apex/Mgr_ActivityDash
17:09:58.0 (190784081)|EXECUTION_FINISHED
