35.0 APEX_CODE,DEBUG;APEX_PROFILING,INFO;CALLOUT,INFO;DB,INFO;NBA,INFO;SYSTEM,DEBUG;VALIDATION,INFO;VISUALFORCE,DEBUG;WAVE,INFO;WORKFLOW,INFO
17:09:33.0 (434717)|USER_INFO|[EXTERNAL]|00536000004x6Rh|lawrence.humblet@remoteyear.com.staging|Eastern Standard Time|GMT-05:00
17:09:33.0 (505762)|EXECUTION_STARTED
17:09:33.0 (512335)|CODE_UNIT_STARTED|[EXTERNAL]|06636000006nRPq|VF: /apex/Mgr_ActivityDash
17:09:33.0 (109002606)|SYSTEM_MODE_ENTER|true
17:09:33.0 (138823185)|SYSTEM_MODE_ENTER|true
17:09:33.0 (139739326)|SOQL_EXECUTE_BEGIN|[56]|Aggregations:0|SELECT u.Id, u.Name FROM User u WHERE (IsActive = TRUE AND ProfileId = '00e36000001bNzGAAU') ORDER BY Name ASC NULLS FIRST
17:09:33.0 (146774849)|SOQL_EXECUTE_END|[56]|Rows:40
17:09:33.0 (149260927)|SYSTEM_MODE_ENTER|true
17:09:33.0 (150457617)|SYSTEM_MODE_ENTER|true
17:09:33.0 (150943360)|SYSTEM_MODE_ENTER|true
17:09:33.0 (151512317)|SYSTEM_MODE_ENTER|true
17:09:33.0 (151932748)|SOQL_EXECUTE_BEGIN|[72]|Aggregations:0|SELECT Id, FirstName, LastName, Name, FullPhotoUrl FROM User WHERE Id = :tmpVar1
17:09:33.0 (156164110)|SOQL_EXECUTE_END|[72]|Rows:1
17:09:33.0 (157337055)|SYSTEM_MODE_ENTER|true
17:09:33.0 (158093625)|SYSTEM_MODE_ENTER|true
17:09:33.0 (162732825)|SOQL_EXECUTE_BEGIN|[79]|Aggregations:0|SELECT COUNT() FROM Lead WHERE OwnerId = '00536000004x6RhAAI' AND Consultation_scheduled__c = TRUE AND Consultation_Date_Time__c >= 2018-11-23T00:00:00ZAND Consultation_Date_Time__c <= 2018-11-23T00:00:00Z
17:09:33.0 (195616233)|SOQL_EXECUTE_END|[79]|Rows:0
17:09:33.0 (196458853)|SYSTEM_MODE_ENTER|true
17:09:33.0 (196896568)|SOQL_EXECUTE_BEGIN|[95]|Aggregations:0|SELECT COUNT() FROM Lead WHERE Consultation_scheduled__c = TRUE AND Consultation_Date_Time__c >= 2018-11-23T00:00:00Z AND Consultation_Date_Time__c <= 2018-11-23T00:00:00Z
17:09:33.0 (223643480)|SOQL_EXECUTE_END|[95]|Rows:0
17:09:33.0 (224447050)|SYSTEM_MODE_ENTER|true
17:09:33.0 (224943355)|SOQL_EXECUTE_BEGIN|[79]|Aggregations:0|SELECT COUNT() FROM Lead WHERE OwnerId = '00536000004x6RhAAI' AND Consultation_scheduled__c = TRUE AND Consultation_Date_Time__c >= 2018-11-23T00:00:00ZAND Consultation_Date_Time__c <= 2018-11-23T00:00:00Z
17:09:33.0 (230307125)|SOQL_EXECUTE_END|[79]|Rows:0
17:09:33.0 (230689249)|SOQL_EXECUTE_BEGIN|[144]|Aggregations:0|SELECT COUNT() FROM Lead WHERE OwnerId = '00536000004x6RhAAI' AND Consultation_Completed__c = TRUE AND Consultation_completed_date__c >= 2018-11-23 AND Consultation_completed_date__c <= 2018-11-23
17:09:33.0 (252209181)|SOQL_EXECUTE_END|[144]|Rows:0
17:09:33.0 (253141129)|SYSTEM_MODE_ENTER|true
17:09:33.0 (253570668)|SOQL_EXECUTE_BEGIN|[95]|Aggregations:0|SELECT COUNT() FROM Lead WHERE Consultation_scheduled__c = TRUE AND Consultation_Date_Time__c >= 2018-11-23T00:00:00Z AND Consultation_Date_Time__c <= 2018-11-23T00:00:00Z
17:09:33.0 (270402328)|SOQL_EXECUTE_END|[95]|Rows:0
17:09:33.0 (270756220)|SOQL_EXECUTE_BEGIN|[161]|Aggregations:0|SELECT COUNT() FROM Lead WHERE Consultation_Completed__c = TRUE AND Consultation_completed_date__c >= 2018-11-23 AND Consultation_completed_date__c <= 2018-11-23
17:09:33.0 (286388117)|SOQL_EXECUTE_END|[161]|Rows:0
17:09:33.0 (287338687)|SYSTEM_MODE_ENTER|true
17:09:33.0 (287724313)|SOQL_EXECUTE_BEGIN|[144]|Aggregations:0|SELECT COUNT() FROM Lead WHERE OwnerId = '00536000004x6RhAAI' AND Consultation_Completed__c = TRUE AND Consultation_completed_date__c >= 2018-11-23 AND Consultation_completed_date__c <= 2018-11-23
17:09:33.0 (294595948)|SOQL_EXECUTE_END|[144]|Rows:0
17:09:33.0 (295177861)|SYSTEM_MODE_ENTER|true
17:09:33.0 (295478985)|SOQL_EXECUTE_BEGIN|[161]|Aggregations:0|SELECT COUNT() FROM Lead WHERE Consultation_Completed__c = TRUE AND Consultation_completed_date__c >= 2018-11-23 AND Consultation_completed_date__c <= 2018-11-23
17:09:33.0 (300000950)|SOQL_EXECUTE_END|[161]|Rows:0
17:09:33.0 (300620350)|SYSTEM_MODE_ENTER|true
17:09:33.0 (300982950)|SOQL_EXECUTE_BEGIN|[144]|Aggregations:0|SELECT COUNT() FROM Lead WHERE OwnerId = '00536000004x6RhAAI' AND Consultation_Completed__c = TRUE AND Consultation_completed_date__c >= 2018-11-23 AND Consultation_completed_date__c <= 2018-11-23
17:09:33.0 (307250335)|SOQL_EXECUTE_END|[144]|Rows:0
17:09:33.0 (310609782)|SOQL_EXECUTE_BEGIN|[178]|Aggregations:0|SELECT COUNT() FROM Opportunity WHERE OwnerId = '00536000004x6RhAAI' AND CreatedDate >= 2018-11-23T00:00:00Z AND CreatedDate <= 2018-11-23T00:00:00Z
17:09:33.0 (324651510)|SOQL_EXECUTE_END|[178]|Rows:0
17:09:33.0 (325350533)|SYSTEM_MODE_ENTER|true
17:09:33.0 (325705769)|SOQL_EXECUTE_BEGIN|[161]|Aggregations:0|SELECT COUNT() FROM Lead WHERE Consultation_Completed__c = TRUE AND Consultation_completed_date__c >= 2018-11-23 AND Consultation_completed_date__c <= 2018-11-23
17:09:33.0 (329723947)|SOQL_EXECUTE_END|[161]|Rows:0
17:09:33.0 (330025958)|SOQL_EXECUTE_BEGIN|[194]|Aggregations:0|SELECT COUNT() FROM Opportunity WHERE CreatedDate >= 2018-11-23T00:00:00Z AND CreatedDate <= 2018-11-23T00:00:00Z 
17:09:33.0 (335611423)|SOQL_EXECUTE_END|[194]|Rows:0
17:09:33.0 (336291717)|SYSTEM_MODE_ENTER|true
17:09:33.0 (336600079)|SOQL_EXECUTE_BEGIN|[178]|Aggregations:0|SELECT COUNT() FROM Opportunity WHERE OwnerId = '00536000004x6RhAAI' AND CreatedDate >= 2018-11-23T00:00:00Z AND CreatedDate <= 2018-11-23T00:00:00Z
17:09:33.0 (340891488)|SOQL_EXECUTE_END|[178]|Rows:0
17:09:33.0 (341558170)|SYSTEM_MODE_ENTER|true
17:09:33.0 (341825449)|SOQL_EXECUTE_BEGIN|[194]|Aggregations:0|SELECT COUNT() FROM Opportunity WHERE CreatedDate >= 2018-11-23T00:00:00Z AND CreatedDate <= 2018-11-23T00:00:00Z 
17:09:33.0 (346991312)|SOQL_EXECUTE_END|[194]|Rows:0
17:09:33.0 (347598055)|SYSTEM_MODE_ENTER|true
17:09:33.0 (347918155)|SOQL_EXECUTE_BEGIN|[178]|Aggregations:0|SELECT COUNT() FROM Opportunity WHERE OwnerId = '00536000004x6RhAAI' AND CreatedDate >= 2018-11-23T00:00:00Z AND CreatedDate <= 2018-11-23T00:00:00Z
17:09:33.0 (351830729)|SOQL_EXECUTE_END|[178]|Rows:0
17:09:33.0 (352224468)|SOQL_EXECUTE_BEGIN|[242]|Aggregations:0|SELECT COUNT() FROM Opportunity WHERE OwnerId = '00536000004x6RhAAI' AND isWon = true AND CloseDate >= 2018-11-23AND CloseDate <= 2018-11-23
17:09:33.0 (361290224)|SOQL_EXECUTE_END|[242]|Rows:0
17:09:33.0 (362129684)|SYSTEM_MODE_ENTER|true
17:09:33.0 (362438940)|SOQL_EXECUTE_BEGIN|[194]|Aggregations:0|SELECT COUNT() FROM Opportunity WHERE CreatedDate >= 2018-11-23T00:00:00Z AND CreatedDate <= 2018-11-23T00:00:00Z 
17:09:33.0 (365692980)|SOQL_EXECUTE_END|[194]|Rows:0
17:09:33.0 (365989830)|SOQL_EXECUTE_BEGIN|[258]|Aggregations:0|SELECT COUNT() FROM Opportunity WHERE isWon = true AND CloseDate >= 2018-11-23AND CloseDate <= 2018-11-23
17:09:33.0 (371714507)|SOQL_EXECUTE_END|[258]|Rows:0
17:09:33.0 (372460491)|SYSTEM_MODE_ENTER|true
17:09:33.0 (372790784)|SOQL_EXECUTE_BEGIN|[242]|Aggregations:0|SELECT COUNT() FROM Opportunity WHERE OwnerId = '00536000004x6RhAAI' AND isWon = true AND CloseDate >= 2018-11-23AND CloseDate <= 2018-11-23
17:09:33.0 (376950998)|SOQL_EXECUTE_END|[242]|Rows:0
17:09:33.0 (377529231)|SYSTEM_MODE_ENTER|true
17:09:33.0 (377829984)|SOQL_EXECUTE_BEGIN|[258]|Aggregations:0|SELECT COUNT() FROM Opportunity WHERE isWon = true AND CloseDate >= 2018-11-23AND CloseDate <= 2018-11-23
17:09:33.0 (381073381)|SOQL_EXECUTE_END|[258]|Rows:0
17:09:33.0 (383757932)|VF_SERIALIZE_VIEWSTATE_BEGIN|06636000006nRPq
17:09:33.0 (386365597)|VF_SERIALIZE_VIEWSTATE_END
17:09:33.389 (389244448)|CUMULATIVE_LIMIT_USAGE
17:09:33.389 (389244448)|LIMIT_USAGE_FOR_NS|(default)|
  Number of SOQL queries: 22 out of 100
  Number of query rows: 61 out of 50000
  Number of SOSL queries: 0 out of 20
  Number of DML statements: 0 out of 150
  Number of DML rows: 0 out of 10000
  Maximum CPU time: 0 out of 10000
  Maximum heap size: 0 out of 6000000
  Number of callouts: 0 out of 100
  Number of Email Invocations: 0 out of 10
  Number of future calls: 0 out of 50
  Number of queueable jobs added to the queue: 0 out of 50
  Number of Mobile Apex push calls: 0 out of 10

17:09:33.389 (389244448)|CUMULATIVE_LIMIT_USAGE_END

17:09:33.0 (389297921)|CODE_UNIT_FINISHED|VF: /apex/Mgr_ActivityDash
17:09:33.0 (390348111)|EXECUTION_FINISHED
