35.0 APEX_CODE,DEBUG;APEX_PROFILING,INFO;CALLOUT,INFO;DB,INFO;NBA,INFO;SYSTEM,DEBUG;VALIDATION,INFO;VISUALFORCE,DEBUG;WAVE,INFO;WORKFLOW,INFO
17:09:44.0 (503400)|USER_INFO|[EXTERNAL]|00536000004x6Rh|lawrence.humblet@remoteyear.com.staging|Eastern Standard Time|GMT-05:00
17:09:44.0 (604455)|EXECUTION_STARTED
17:09:44.0 (618094)|CODE_UNIT_STARTED|[EXTERNAL]|06636000006nRPq|VF: /apex/Mgr_ActivityDash
17:09:44.0 (1385417)|VF_DESERIALIZE_VIEWSTATE_BEGIN|06636000006nRPq
17:09:44.0 (11024682)|VF_DESERIALIZE_VIEWSTATE_END
17:09:44.0 (13999180)|SYSTEM_MODE_ENTER|true
17:09:44.0 (17898513)|SOQL_EXECUTE_BEGIN|[56]|Aggregations:0|SELECT u.Id, u.Name FROM User u WHERE (IsActive = TRUE AND ProfileId = '00e36000001bNzGAAU') ORDER BY Name ASC NULLS FIRST
17:09:44.0 (25723693)|SOQL_EXECUTE_END|[56]|Rows:40
17:09:44.0 (28142152)|SYSTEM_MODE_ENTER|true
17:09:44.0 (28306244)|SYSTEM_MODE_ENTER|true
17:09:44.0 (28418416)|SYSTEM_MODE_ENTER|true
17:09:44.0 (28692485)|SYSTEM_MODE_ENTER|true
17:09:44.0 (28957831)|SYSTEM_MODE_ENTER|true
17:09:44.0 (29047190)|SYSTEM_MODE_ENTER|true
17:09:44.0 (29682540)|SOQL_EXECUTE_BEGIN|[304]|Aggregations:0|SELECT Id FROM User WHERE Name = 'Akua Sencherey'
17:09:44.0 (84637692)|SOQL_EXECUTE_END|[304]|Rows:1
17:09:44.0 (110278487)|SYSTEM_MODE_ENTER|true
17:09:44.0 (110743260)|SOQL_EXECUTE_BEGIN|[56]|Aggregations:0|SELECT u.Id, u.Name FROM User u WHERE (IsActive = TRUE AND ProfileId = '00e36000001bNzGAAU') ORDER BY Name ASC NULLS FIRST
17:09:44.0 (118218604)|SOQL_EXECUTE_END|[56]|Rows:40
17:09:44.0 (120325033)|SYSTEM_MODE_ENTER|true
17:09:44.0 (121651608)|SYSTEM_MODE_ENTER|true
17:09:44.0 (122063637)|SYSTEM_MODE_ENTER|true
17:09:44.0 (122644510)|SYSTEM_MODE_ENTER|true
17:09:44.0 (123091565)|SOQL_EXECUTE_BEGIN|[72]|Aggregations:0|SELECT Id, FirstName, LastName, Name, FullPhotoUrl FROM User WHERE Id = :tmpVar1
17:09:44.0 (127392798)|SOQL_EXECUTE_END|[72]|Rows:1
17:09:44.0 (128483718)|SYSTEM_MODE_ENTER|true
17:09:44.0 (129086200)|SYSTEM_MODE_ENTER|true
17:09:44.0 (129602212)|EXCEPTION_THROWN|[79]|System.QueryException: unexpected token: ,
17:09:44.0 (129943662)|FATAL_ERROR|System.QueryException: unexpected token: ,

Class.Mgr_ActivityDash.getScheduled: line 79, column 1
