27.0 APEX_CODE,DEBUG;APEX_PROFILING,INFO;CALLOUT,INFO;DB,INFO;NBA,INFO;SYSTEM,DEBUG;VALIDATION,INFO;VISUALFORCE,DEBUG;WAVE,INFO;WORKFLOW,INFO
17:16:43.45 (45518463)|SOQL_EXECUTE_BEGIN|[7]|Aggregations:0|SELECT Id, Name, Distribution_hours__c, CreatedBy.Name, Object_name__c, Is_active__c, CreatedDate, LastModifiedBy.Name, LastModifiedDate, Object_active_status_field_name__c, Object_active_status_values__c, Object_active_status_values_long__c FROM Team__c WHERE (Id IN (SELECT Team__c FROM Team_member__c WHERE (User__c = :tmpVar1 AND User__r.IsActive = TRUE)) AND Is_active__c = TRUE) ORDER BY Execution_order__c ASC NULLS FIRST
17:16:43.45 (74709356)|SOQL_EXECUTE_END|[7]|Rows:1
17:16:43.45 (77324663)|SOQL_EXECUTE_BEGIN|[363]|Aggregations:0|SELECT n2de__Team__c, Distribution_hours__c FROM Team_member__c WHERE (User__c = :tmpVar1 AND is_active__c = TRUE AND User__r.IsActive = TRUE AND Team__r.is_active__c = TRUE) ORDER BY Team__r.Execution_Order__c ASC NULLS FIRST
17:16:43.45 (87453070)|SOQL_EXECUTE_END|[363]|Rows:1
17:16:43.45 (90012094)|SOQL_EXECUTE_BEGIN|[20]|Aggregations:0|SELECT User__c, Queue_id__c FROM Out_of_office__c 
17:16:43.45 (93518892)|SOQL_EXECUTE_END|[20]|Rows:0
17:16:43.45 (94188491)|SOQL_EXECUTE_BEGIN|[28]|Aggregations:0|SELECT Id FROM Team_member__c 
17:16:43.45 (96136671)|SOQL_EXECUTE_END|[28]|Rows:0
17:16:43.45 (96568623)|SOQL_EXECUTE_BEGIN|[32]|Aggregations:0|SELECT Id FROM Team_member__c 
17:16:43.45 (98089341)|SOQL_EXECUTE_END|[32]|Rows:0
17:16:43.45 (101722290)|SOQL_EXECUTE_BEGIN|[371]|Aggregations:0|SELECT Mon_availability__c, Mon_start_hour__c, Mon_start_min__c, Mon_end_hour__c, Mon_end_min__c, Tue_availability__c, Tue_start_hour__c, Tue_start_min__c, Tue_end_hour__c, Tue_end_min__c, Wed_availability__c, Wed_start_hour__c, Wed_start_min__c, Wed_end_hour__c, Wed_end_min__c, Thu_availability__c, Thu_start_hour__c, Thu_start_min__c, Thu_end_hour__c, Thu_end_min__c, Fri_availability__c, Fri_start_hour__c, Fri_start_min__c, Fri_end_hour__c, Fri_end_min__c, Sat_availability__c, Sat_start_hour__c, Sat_start_min__c, Sat_end_hour__c, Sat_end_min__c, Sun_availability__c, Sun_start_hour__c, Sun_start_min__c, Sun_end_hour__c, Sun_end_min__c, Timezone__c, Shift_name__c, Is_shift_hours__c FROM Distribution_hours__c WHERE Id = :tmpVar1
17:16:43.45 (111760658)|SOQL_EXECUTE_END|[371]|Rows:1
17:16:43.45 (115317052)|SOQL_EXECUTE_BEGIN|[15]|Aggregations:0|SELECT n2de__Team__c FROM Team_member__c 
17:16:43.45 (124080569)|SOQL_EXECUTE_END|[15]|Rows:1
17:16:43.45 (140096047)|SOQL_EXECUTE_BEGIN|[55]|Aggregations:0|select Id, Name, Execution_order__c, Team__r.Execution_order__c from Distributor__c  where Is_Active__c = true and Distributor_type__c = 'Pull' and Is_all_members__c = true and ((Is_respect_distribution_hours__c = false and Team__c in :userTeamIdList)  or Team__c in :activeTeams )
17:16:43.45 (146857316)|SOQL_EXECUTE_END|[55]|Rows:0
17:16:43.45 (149517268)|SOQL_EXECUTE_BEGIN|[57]|Aggregations:0|select Id, Name, Execution_order__c, Team__r.Execution_order__c from Distributor__c  where Is_Active__c = true and Distributor_type__c = 'Pull' and Is_all_members__c = false and Id in (select Distributor__c from Distributor_category_team_member__c  where Distribution_team_member__r.User__c = '00536000004x6RhAAI') and ((Is_respect_distribution_hours__c = false and Team__c in :userTeamIdList)  or Team__c in :activeTeams )
17:16:43.45 (158819985)|SOQL_EXECUTE_END|[57]|Rows:0
17:16:43.45 (163325627)|SOQL_EXECUTE_BEGIN|[440]|Aggregations:0|SELECT COUNT(Id) alertCount FROM Distribution_log__c WHERE (Distribution_team_member__r.User__c = :tmpVar1 AND In_alert__c = TRUE AND Is_reassigned_to_queue__c = FALSE)
17:16:43.45 (170515738)|SOQL_EXECUTE_END|[440]|Rows:1
17:16:43.45 (173177516)|SOQL_EXECUTE_BEGIN|[455]|Aggregations:0|SELECT CreatedDate, Assigned_object_id_index__c, Distribution_team_member__r.Team__r.Object_Name__c, Distributor__r.Team__r.Object_active_status_field_name__c, Distributor__r.Team__r.New_status_value__c FROM Distribution_log__c 
17:16:43.45 (181665610)|SOQL_EXECUTE_END|[455]|Rows:0
17:16:43.202 (202330368)|CUMULATIVE_LIMIT_USAGE
17:16:43.202 (202330368)|LIMIT_USAGE_FOR_NS|(default)|
  Number of SOQL queries: 0 out of 100
  Number of query rows: 0 out of 50000
  Number of SOSL queries: 0 out of 20
  Number of DML statements: 0 out of 150
  Number of DML rows: 0 out of 10000
  Maximum CPU time: 0 out of 10000
  Maximum heap size: 0 out of 6000000
  Number of callouts: 0 out of 100
  Number of Email Invocations: 0 out of 10
  Number of future calls: 0 out of 50
  Number of queueable jobs added to the queue: 0 out of 50
  Number of Mobile Apex push calls: 0 out of 10

17:16:43.202 (202330368)|LIMIT_USAGE_FOR_NS|n2de|
  Number of SOQL queries: 11 out of 100
  Number of query rows: 5 out of 50000
  Number of SOSL queries: 0 out of 20
  Number of DML statements: 0 out of 150
  Number of DML rows: 0 out of 10000
  Maximum CPU time: 0 out of 10000
  Maximum heap size: 0 out of 6000000
  Number of callouts: 0 out of 100
  Number of Email Invocations: 0 out of 10
  Number of future calls: 0 out of 50
  Number of queueable jobs added to the queue: 0 out of 50
  Number of Mobile Apex push calls: 0 out of 10

17:16:43.202 (202330368)|CUMULATIVE_LIMIT_USAGE_END

