35.0 APEX_CODE,DEBUG;APEX_PROFILING,INFO;CALLOUT,INFO;DB,INFO;NBA,INFO;SYSTEM,DEBUG;VALIDATION,INFO;VISUALFORCE,DEBUG;WAVE,INFO;WORKFLOW,INFO
17:16:31.0 (410785)|USER_INFO|[EXTERNAL]|00536000004x6Rh|lawrence.humblet@remoteyear.com.staging|Eastern Standard Time|GMT-05:00
17:16:31.0 (479588)|EXECUTION_STARTED
17:16:31.0 (492132)|CODE_UNIT_STARTED|[EXTERNAL]|06636000006nRPq|VF: /apex/Mgr_ActivityDash
17:16:31.0 (12014004)|SYSTEM_MODE_ENTER|true
17:16:31.0 (39063319)|SYSTEM_MODE_ENTER|true
17:16:31.0 (42788924)|SOQL_EXECUTE_BEGIN|[56]|Aggregations:0|SELECT u.Id, u.Name FROM User u WHERE (IsActive = TRUE AND ProfileId = '00e36000001bNzGAAU') ORDER BY Name ASC NULLS FIRST
17:16:31.0 (51769158)|SOQL_EXECUTE_END|[56]|Rows:40
17:16:31.0 (54287268)|SYSTEM_MODE_ENTER|true
17:16:31.0 (55587412)|SYSTEM_MODE_ENTER|true
17:16:31.0 (55947155)|SYSTEM_MODE_ENTER|true
17:16:31.0 (56501823)|SYSTEM_MODE_ENTER|true
17:16:31.0 (56923674)|SOQL_EXECUTE_BEGIN|[72]|Aggregations:0|SELECT Id, FirstName, LastName, Name, FullPhotoUrl FROM User WHERE Id = :tmpVar1
17:16:31.0 (60674658)|SOQL_EXECUTE_END|[72]|Rows:1
17:16:31.0 (61637345)|SYSTEM_MODE_ENTER|true
17:16:31.0 (62236733)|SYSTEM_MODE_ENTER|true
17:16:31.0 (66511176)|SOQL_EXECUTE_BEGIN|[79]|Aggregations:0|SELECT COUNT() FROM Lead WHERE OwnerId = '00536000004x6RhAAI' AND Consultation_scheduled__c = TRUE AND Consultation_Date_Time__c >= 2018-11-23T00:00:00ZAND Consultation_Date_Time__c <= 2018-11-23T00:00:00Z
17:16:31.0 (73023378)|SOQL_EXECUTE_END|[79]|Rows:0
17:16:31.0 (73649136)|SYSTEM_MODE_ENTER|true
17:16:31.0 (73999277)|SOQL_EXECUTE_BEGIN|[95]|Aggregations:0|SELECT COUNT() FROM Lead WHERE Consultation_scheduled__c = TRUE AND Consultation_Date_Time__c >= 2018-11-23T00:00:00Z AND Consultation_Date_Time__c <= 2018-11-23T00:00:00Z
17:16:31.0 (89427451)|SOQL_EXECUTE_END|[95]|Rows:0
17:16:31.0 (90166947)|SYSTEM_MODE_ENTER|true
17:16:31.0 (90616506)|SOQL_EXECUTE_BEGIN|[79]|Aggregations:0|SELECT COUNT() FROM Lead WHERE OwnerId = '00536000004x6RhAAI' AND Consultation_scheduled__c = TRUE AND Consultation_Date_Time__c >= 2018-11-23T00:00:00ZAND Consultation_Date_Time__c <= 2018-11-23T00:00:00Z
17:16:31.0 (95633746)|SOQL_EXECUTE_END|[79]|Rows:0
17:16:31.0 (96016551)|SOQL_EXECUTE_BEGIN|[144]|Aggregations:0|SELECT COUNT() FROM Lead WHERE OwnerId = '00536000004x6RhAAI' AND Consultation_Completed__c = TRUE AND Consultation_completed_date__c >= 2018-11-23 AND Consultation_completed_date__c <= 2018-11-23
17:16:31.0 (100742714)|SOQL_EXECUTE_END|[144]|Rows:0
17:16:31.0 (101548163)|SYSTEM_MODE_ENTER|true
17:16:31.0 (101879289)|SOQL_EXECUTE_BEGIN|[95]|Aggregations:0|SELECT COUNT() FROM Lead WHERE Consultation_scheduled__c = TRUE AND Consultation_Date_Time__c >= 2018-11-23T00:00:00Z AND Consultation_Date_Time__c <= 2018-11-23T00:00:00Z
17:16:31.0 (120740363)|SOQL_EXECUTE_END|[95]|Rows:0
17:16:31.0 (121142082)|SOQL_EXECUTE_BEGIN|[161]|Aggregations:0|SELECT COUNT() FROM Lead WHERE Consultation_Completed__c = TRUE AND Consultation_completed_date__c >= 2018-11-23 AND Consultation_completed_date__c <= 2018-11-23
17:16:31.0 (125059735)|SOQL_EXECUTE_END|[161]|Rows:0
17:16:31.0 (125820949)|SYSTEM_MODE_ENTER|true
17:16:31.0 (126177197)|SOQL_EXECUTE_BEGIN|[144]|Aggregations:0|SELECT COUNT() FROM Lead WHERE OwnerId = '00536000004x6RhAAI' AND Consultation_Completed__c = TRUE AND Consultation_completed_date__c >= 2018-11-23 AND Consultation_completed_date__c <= 2018-11-23
17:16:31.0 (130913786)|SOQL_EXECUTE_END|[144]|Rows:0
17:16:31.0 (131457165)|SYSTEM_MODE_ENTER|true
17:16:31.0 (131743986)|SOQL_EXECUTE_BEGIN|[161]|Aggregations:0|SELECT COUNT() FROM Lead WHERE Consultation_Completed__c = TRUE AND Consultation_completed_date__c >= 2018-11-23 AND Consultation_completed_date__c <= 2018-11-23
17:16:31.0 (135419875)|SOQL_EXECUTE_END|[161]|Rows:0
17:16:31.0 (135985024)|SYSTEM_MODE_ENTER|true
17:16:31.0 (136333400)|SOQL_EXECUTE_BEGIN|[144]|Aggregations:0|SELECT COUNT() FROM Lead WHERE OwnerId = '00536000004x6RhAAI' AND Consultation_Completed__c = TRUE AND Consultation_completed_date__c >= 2018-11-23 AND Consultation_completed_date__c <= 2018-11-23
17:16:31.0 (140762203)|SOQL_EXECUTE_END|[144]|Rows:0
17:16:31.0 (144312725)|SOQL_EXECUTE_BEGIN|[178]|Aggregations:0|SELECT COUNT() FROM Opportunity WHERE OwnerId = '00536000004x6RhAAI' AND CreatedDate >= 2018-11-23T00:00:00Z AND CreatedDate <= 2018-11-23T00:00:00Z
17:16:31.0 (148887473)|SOQL_EXECUTE_END|[178]|Rows:0
17:16:31.0 (149554541)|SYSTEM_MODE_ENTER|true
17:16:31.0 (149886899)|SOQL_EXECUTE_BEGIN|[161]|Aggregations:0|SELECT COUNT() FROM Lead WHERE Consultation_Completed__c = TRUE AND Consultation_completed_date__c >= 2018-11-23 AND Consultation_completed_date__c <= 2018-11-23
17:16:31.0 (157758549)|SOQL_EXECUTE_END|[161]|Rows:0
17:16:31.0 (158089170)|SOQL_EXECUTE_BEGIN|[194]|Aggregations:0|SELECT COUNT() FROM Opportunity WHERE CreatedDate >= 2018-11-23T00:00:00Z AND CreatedDate <= 2018-11-23T00:00:00Z 
17:16:31.0 (160761739)|SOQL_EXECUTE_END|[194]|Rows:0
17:16:31.0 (161373274)|SYSTEM_MODE_ENTER|true
17:16:31.0 (161676008)|SOQL_EXECUTE_BEGIN|[178]|Aggregations:0|SELECT COUNT() FROM Opportunity WHERE OwnerId = '00536000004x6RhAAI' AND CreatedDate >= 2018-11-23T00:00:00Z AND CreatedDate <= 2018-11-23T00:00:00Z
17:16:31.0 (166945059)|SOQL_EXECUTE_END|[178]|Rows:0
17:16:31.0 (167643256)|SYSTEM_MODE_ENTER|true
17:16:31.0 (168102629)|SOQL_EXECUTE_BEGIN|[194]|Aggregations:0|SELECT COUNT() FROM Opportunity WHERE CreatedDate >= 2018-11-23T00:00:00Z AND CreatedDate <= 2018-11-23T00:00:00Z 
17:16:31.0 (171284080)|SOQL_EXECUTE_END|[194]|Rows:0
17:16:31.0 (171844519)|SYSTEM_MODE_ENTER|true
17:16:31.0 (172192489)|SOQL_EXECUTE_BEGIN|[178]|Aggregations:0|SELECT COUNT() FROM Opportunity WHERE OwnerId = '00536000004x6RhAAI' AND CreatedDate >= 2018-11-23T00:00:00Z AND CreatedDate <= 2018-11-23T00:00:00Z
17:16:31.0 (176242880)|SOQL_EXECUTE_END|[178]|Rows:0
17:16:31.0 (176661118)|SOQL_EXECUTE_BEGIN|[242]|Aggregations:0|SELECT COUNT() FROM Opportunity WHERE OwnerId = '00536000004x6RhAAI' AND isWon = true AND CloseDate >= 2018-11-23AND CloseDate <= 2018-11-23
17:16:31.0 (180353082)|SOQL_EXECUTE_END|[242]|Rows:0
17:16:31.0 (181115503)|SYSTEM_MODE_ENTER|true
17:16:31.0 (181418925)|SOQL_EXECUTE_BEGIN|[194]|Aggregations:0|SELECT COUNT() FROM Opportunity WHERE CreatedDate >= 2018-11-23T00:00:00Z AND CreatedDate <= 2018-11-23T00:00:00Z 
17:16:31.0 (184561362)|SOQL_EXECUTE_END|[194]|Rows:0
17:16:31.0 (184868491)|SOQL_EXECUTE_BEGIN|[258]|Aggregations:0|SELECT COUNT() FROM Opportunity WHERE isWon = true AND CloseDate >= 2018-11-23AND CloseDate <= 2018-11-23
17:16:31.0 (187458194)|SOQL_EXECUTE_END|[258]|Rows:0
17:16:31.0 (188090461)|SYSTEM_MODE_ENTER|true
17:16:31.0 (188416716)|SOQL_EXECUTE_BEGIN|[242]|Aggregations:0|SELECT COUNT() FROM Opportunity WHERE OwnerId = '00536000004x6RhAAI' AND isWon = true AND CloseDate >= 2018-11-23AND CloseDate <= 2018-11-23
17:16:31.0 (192369479)|SOQL_EXECUTE_END|[242]|Rows:0
17:16:31.0 (192996711)|SYSTEM_MODE_ENTER|true
17:16:31.0 (193285266)|SOQL_EXECUTE_BEGIN|[258]|Aggregations:0|SELECT COUNT() FROM Opportunity WHERE isWon = true AND CloseDate >= 2018-11-23AND CloseDate <= 2018-11-23
17:16:31.0 (196293056)|SOQL_EXECUTE_END|[258]|Rows:0
17:16:31.0 (199795359)|VF_SERIALIZE_VIEWSTATE_BEGIN|06636000006nRPq
17:16:31.0 (202256611)|VF_SERIALIZE_VIEWSTATE_END
17:16:31.205 (205211449)|CUMULATIVE_LIMIT_USAGE
17:16:31.205 (205211449)|LIMIT_USAGE_FOR_NS|(default)|
  Number of SOQL queries: 22 out of 100
  Number of query rows: 61 out of 50000
  Number of SOSL queries: 0 out of 20
  Number of DML statements: 0 out of 150
  Number of DML rows: 0 out of 10000
  Maximum CPU time: 0 out of 10000
  Maximum heap size: 0 out of 6000000
  Number of callouts: 0 out of 100
  Number of Email Invocations: 0 out of 10
  Number of future calls: 0 out of 50
  Number of queueable jobs added to the queue: 0 out of 50
  Number of Mobile Apex push calls: 0 out of 10

17:16:31.205 (205211449)|CUMULATIVE_LIMIT_USAGE_END

17:16:31.0 (205295254)|CODE_UNIT_FINISHED|VF: /apex/Mgr_ActivityDash
17:16:31.0 (206360052)|EXECUTION_FINISHED
